#
# There is insufficient memory for the Java Runtime Environment to continue.
# Native memory allocation (malloc) failed to allocate 1953968 bytes for Chunk::new
# Possible reasons:
#   The system is out of physical RAM or swap space
#   The process is running with CompressedOops enabled, and the Java Heap may be blocking the growth of the native heap
# Possible solutions:
#   Reduce memory load on the system
#   Increase physical memory or swap space
#   Check if swap backing store is full
#   Decrease Java heap size (-Xmx/-Xms)
#   Decrease number of Java threads
#   Decrease Java thread stack sizes (-Xss)
#   Set larger code cache with -XX:ReservedCodeCacheSize=
#   JVM is running with Unscaled Compressed Oops mode in which the Java heap is
#     placed in the first 4GB address space. The Java Heap base address is the
#     maximum limit for the native heap growth. Please use -XX:HeapBaseMinAddress
#     to set the Java Heap base and to place the Java Heap above 4GB virtual address.
# This output file may be truncated or incomplete.
#
#  Out of Memory Error (arena.cpp:189), pid=34132, tid=25412
#
# JRE version: OpenJDK Runtime Environment Temurin-17.0.8.1+1 (17.0.8.1+1) (build 17.0.8.1+1)
# Java VM: OpenJDK 64-Bit Server VM Temurin-17.0.8.1+1 (17.0.8.1+1, mixed mode, tiered, compressed oops, compressed class ptrs, parallel gc, windows-amd64)
# No core dump will be written. Minidumps are not enabled by default on client versions of Windows
#

---------------  S U M M A R Y ------------

Command Line: --add-modules=ALL-SYSTEM --add-opens=java.base/java.util=ALL-UNNAMED --add-opens=java.base/java.lang=ALL-UNNAMED --add-opens=java.base/sun.nio.fs=ALL-UNNAMED -Declipse.application=org.eclipse.jdt.ls.core.id1 -Dosgi.bundles.defaultStartLevel=4 -Declipse.product=org.eclipse.jdt.ls.core.product -Djava.import.generatesMetadataFilesAtProjectRoot=false -DDetectVMInstallationsJob.disabled=true -Dfile.encoding=utf8 -XX:+UseParallelGC -XX:GCTimeRatio=4 -XX:AdaptiveSizePolicyWeight=90 -Dsun.zip.disableMemoryMapping=true -Xmx1G -Xms100m -Xlog:disable -javaagent:c:\Users\ayush\.vscode\extensions\redhat.java-1.24.0-win32-x64\lombok\lombok-1.18.30.jar -XX:+HeapDumpOnOutOfMemoryError -XX:HeapDumpPath=c:\Users\ayush\AppData\Roaming\Code\User\workspaceStorage\6a1344c361370b2b53d96a91067d75ee\redhat.java -Daether.dependencyCollector.impl=bf c:\Users\ayush\.vscode\extensions\redhat.java-1.24.0-win32-x64\server\plugins\org.eclipse.equinox.launcher_1.6.500.v20230717-2134.jar -configuration c:\Users\ayush\AppData\Roaming\Code\User\globalStorage\redhat.java\1.24.0\config_win -data c:\Users\ayush\AppData\Roaming\Code\User\workspaceStorage\6a1344c361370b2b53d96a91067d75ee\redhat.java\jdt_ws --stdio

Host: AMD Ryzen 5 5600H with Radeon Graphics         , 12 cores, 7G,  Windows 11 , 64 bit Build 22621 (10.0.22621.2506)
Time: Wed Nov 29 12:06:43 2023 India Standard Time elapsed time: 3.374050 seconds (0d 0h 0m 3s)

---------------  T H R E A D  ---------------

Current thread (0x00000173ff710140):  JavaThread "C2 CompilerThread0" daemon [_thread_in_native, id=25412, stack(0x0000000806b00000,0x0000000806c00000)]


Current CompileTask:
C2:   3374 3933   !   4       org.eclipse.osgi.internal.loader.classpath.ClasspathManager::findLocalClass (210 bytes)

Stack: [0x0000000806b00000,0x0000000806c00000]
Native frames: (J=compiled Java code, j=interpreted, Vv=VM code, C=native code)
V  [jvm.dll+0x678b0a]
V  [jvm.dll+0x835e84]
V  [jvm.dll+0x83762e]
V  [jvm.dll+0x837c93]
V  [jvm.dll+0x24746f]
V  [jvm.dll+0xac20c]
V  [jvm.dll+0xac7dc]
V  [jvm.dll+0x365ca7]
V  [jvm.dll+0x3301a1]
V  [jvm.dll+0x32f64a]
V  [jvm.dll+0x219bf1]
V  [jvm.dll+0x219011]
V  [jvm.dll+0x1a534d]
V  [jvm.dll+0x228d8a]
V  [jvm.dll+0x226dcc]
V  [jvm.dll+0x7ec09b]
V  [jvm.dll+0x7e64ca]
V  [jvm.dll+0x677955]
C  [ucrtbase.dll+0x29363]
C  [KERNEL32.DLL+0x1257d]
C  [ntdll.dll+0x5aa58]


---------------  P R O C E S S  ---------------

Threads class SMR info:
_java_thread_list=0x00000173915cc4e0, length=28, elements={
0x00000173f552cf40, 0x00000173f55de020, 0x00000173fa398d80, 0x00000173ff6fe590,
0x00000173ff6ff220, 0x00000173ff708a80, 0x00000173ff70ad60, 0x00000173ff710140,
0x00000173ff712c00, 0x00000173ff713da0, 0x00000173ff80bce0, 0x00000173ffa18b40,
0x0000017390287fc0, 0x000001739026b8d0, 0x00000173906c05c0, 0x00000173908c0360,
0x00000173906b66f0, 0x00000173906b61e0, 0x00000173906b6c00, 0x00000173906b7110,
0x00000173906b5cd0, 0x0000017390f53240, 0x0000017390f555b0, 0x0000017390f4f070,
0x0000017390f55ac0, 0x0000017391a27d70, 0x0000017390f564e0, 0x0000017390f53750
}

Java Threads: ( => current thread )
  0x00000173f552cf40 JavaThread "main" [_thread_blocked, id=25428, stack(0x0000000806200000,0x0000000806300000)]
  0x00000173f55de020 JavaThread "Reference Handler" daemon [_thread_blocked, id=31896, stack(0x0000000806500000,0x0000000806600000)]
  0x00000173fa398d80 JavaThread "Finalizer" daemon [_thread_blocked, id=36196, stack(0x0000000806600000,0x0000000806700000)]
  0x00000173ff6fe590 JavaThread "Signal Dispatcher" daemon [_thread_blocked, id=17644, stack(0x0000000806700000,0x0000000806800000)]
  0x00000173ff6ff220 JavaThread "Attach Listener" daemon [_thread_blocked, id=14672, stack(0x0000000806800000,0x0000000806900000)]
  0x00000173ff708a80 JavaThread "Service Thread" daemon [_thread_blocked, id=37668, stack(0x0000000806900000,0x0000000806a00000)]
  0x00000173ff70ad60 JavaThread "Monitor Deflation Thread" daemon [_thread_blocked, id=21120, stack(0x0000000806a00000,0x0000000806b00000)]
=>0x00000173ff710140 JavaThread "C2 CompilerThread0" daemon [_thread_in_native, id=25412, stack(0x0000000806b00000,0x0000000806c00000)]
  0x00000173ff712c00 JavaThread "C1 CompilerThread0" daemon [_thread_blocked, id=34556, stack(0x0000000806c00000,0x0000000806d00000)]
  0x00000173ff713da0 JavaThread "Sweeper thread" daemon [_thread_blocked, id=21196, stack(0x0000000806d00000,0x0000000806e00000)]
  0x00000173ff80bce0 JavaThread "Common-Cleaner" daemon [_thread_blocked, id=19004, stack(0x0000000806e00000,0x0000000806f00000)]
  0x00000173ffa18b40 JavaThread "Notification Thread" daemon [_thread_blocked, id=14072, stack(0x0000000806f00000,0x0000000807000000)]
  0x0000017390287fc0 JavaThread "Active Thread: Equinox Container: ad52adf4-def5-4547-b430-718062234476" [_thread_blocked, id=19768, stack(0x0000000807700000,0x0000000807800000)]
  0x000001739026b8d0 JavaThread "Framework Event Dispatcher: Equinox Container: ad52adf4-def5-4547-b430-718062234476" daemon [_thread_blocked, id=36232, stack(0x0000000807800000,0x0000000807900000)]
  0x00000173906c05c0 JavaThread "Start Level: Equinox Container: ad52adf4-def5-4547-b430-718062234476" daemon [_thread_blocked, id=19040, stack(0x0000000807900000,0x0000000807a00000)]
  0x00000173908c0360 JavaThread "Bundle File Closer" daemon [_thread_blocked, id=14968, stack(0x0000000807b00000,0x0000000807c00000)]
  0x00000173906b66f0 JavaThread "SCR Component Actor" daemon [_thread_blocked, id=15344, stack(0x0000000807c00000,0x0000000807d00000)]
  0x00000173906b61e0 JavaThread "SCR Component Registry" daemon [_thread_blocked, id=17864, stack(0x0000000807f00000,0x0000000808000000)]
  0x00000173906b6c00 JavaThread "Worker-JM" [_thread_blocked, id=32832, stack(0x0000000808000000,0x0000000808100000)]
  0x00000173906b7110 JavaThread "Worker-0: Updating Maven Dependencies" [_thread_blocked, id=12684, stack(0x0000000808100000,0x0000000808200000)]
  0x00000173906b5cd0 JavaThread "Worker-1: Repository registry initialization" [_thread_in_vm, id=30212, stack(0x0000000808200000,0x0000000808300000)]
  0x0000017390f53240 JavaThread "Java indexing" daemon [_thread_blocked, id=17196, stack(0x0000000808300000,0x0000000808400000)]
  0x0000017390f555b0 JavaThread "JNA Cleaner" daemon [_thread_blocked, id=22800, stack(0x0000000808500000,0x0000000808600000)]
  0x0000017390f4f070 JavaThread "pool-2-thread-1" [_thread_blocked, id=13092, stack(0x0000000808600000,0x0000000808700000)]
  0x0000017390f55ac0 JavaThread "Worker-2" [_thread_blocked, id=36096, stack(0x0000000808400000,0x0000000808500000)]
  0x0000017391a27d70 JavaThread "C2 CompilerThread1" daemon [_thread_blocked, id=10200, stack(0x0000000808700000,0x0000000808800000)]
  0x0000017390f564e0 JavaThread "WorkspaceEventsHandler" [_thread_blocked, id=13220, stack(0x0000000808800000,0x0000000808900000)]
  0x0000017390f53750 JavaThread "pool-1-thread-1" [_thread_blocked, id=31648, stack(0x0000000808900000,0x0000000808a00000)]

Other Threads:
  0x00000173f55b10b0 VMThread "VM Thread" [stack: 0x0000000806400000,0x0000000806500000] [id=12664]
  0x00000173ffa2ec80 WatcherThread [stack: 0x0000000807000000,0x0000000807100000] [id=13724]
  0x00000173f5543390 GCTaskThread "GC Thread#0" [stack: 0x0000000806300000,0x0000000806400000] [id=30556]
  0x0000017390086640 GCTaskThread "GC Thread#1" [stack: 0x0000000807100000,0x0000000807200000] [id=29000]
  0x0000017390458010 GCTaskThread "GC Thread#2" [stack: 0x0000000807200000,0x0000000807300000] [id=15196]
  0x00000173904582d0 GCTaskThread "GC Thread#3" [stack: 0x0000000807300000,0x0000000807400000] [id=2680]
  0x000001738ffacf30 GCTaskThread "GC Thread#4" [stack: 0x0000000807400000,0x0000000807500000] [id=28084]
  0x000001738ffad1f0 GCTaskThread "GC Thread#5" [stack: 0x0000000807500000,0x0000000807600000] [id=28428]
  0x000001738ffad4b0 GCTaskThread "GC Thread#6" [stack: 0x0000000807600000,0x0000000807700000] [id=14008]
  0x000001738fcd9f50 GCTaskThread "GC Thread#7" [stack: 0x0000000807a00000,0x0000000807b00000] [id=24960]
  0x0000017390dce960 GCTaskThread "GC Thread#8" [stack: 0x0000000807d00000,0x0000000807e00000] [id=7104]
  0x000001739099afb0 GCTaskThread "GC Thread#9" [stack: 0x0000000807e00000,0x0000000807f00000] [id=4056]

Threads with active compile tasks:
C2 CompilerThread0     3407 3933   !   4       org.eclipse.osgi.internal.loader.classpath.ClasspathManager::findLocalClass (210 bytes)

VM state: not at safepoint (normal execution)

VM Mutex/Monitor currently owned by a thread: None

Heap address: 0x00000000c0000000, size: 1024 MB, Compressed Oops mode: 32-bit

CDS archive(s) not mapped
Compressed class space mapped at: 0x0000000100000000-0x0000000140000000, reserved size: 1073741824
Narrow klass base: 0x0000000000000000, Narrow klass shift: 3, Narrow klass range: 0x140000000

GC Precious Log:
 CPUs: 12 total, 12 available
 Memory: 7521M
 Large Page Support: Disabled
 NUMA Support: Disabled
 Compressed Oops: Enabled (32-bit)
 Alignments: Space 512K, Generation 512K, Heap 2M
 Heap Min Capacity: 100M
 Heap Initial Capacity: 100M
 Heap Max Capacity: 1G
 Pre-touch: Disabled
 Parallel Workers: 10

Heap:
 PSYoungGen      total 26624K, used 8336K [0x00000000eab00000, 0x00000000ec780000, 0x0000000100000000)
  eden space 23040K, 31% used [0x00000000eab00000,0x00000000eb22c110,0x00000000ec180000)
  from space 3584K, 27% used [0x00000000ec200000,0x00000000ec2f8000,0x00000000ec580000)
  to   space 2048K, 0% used [0x00000000ec580000,0x00000000ec580000,0x00000000ec780000)
 ParOldGen       total 68608K, used 13412K [0x00000000c0000000, 0x00000000c4300000, 0x00000000eab00000)
  object space 68608K, 19% used [0x00000000c0000000,0x00000000c0d19188,0x00000000c4300000)
 Metaspace       used 39289K, committed 40000K, reserved 1114112K
  class space    used 4003K, committed 4352K, reserved 1048576K

Card table byte_map: [0x00000173f4ef0000,0x00000173f5100000] _byte_map_base: 0x00000173f48f0000

Marking Bits: (ParMarkBitMap*) 0x00007ffa095b83a0
 Begin Bits: [0x00000173f81a0000, 0x00000173f91a0000)
 End Bits:   [0x00000173f91a0000, 0x00000173fa1a0000)

Polling page: 0x00000173f4ce0000

Metaspace:

Usage:
  Non-class:     34.46 MB used.
      Class:      3.91 MB used.
       Both:     38.37 MB used.

Virtual space:
  Non-class space:       64.00 MB reserved,      34.81 MB ( 54%) committed,  1 nodes.
      Class space:        1.00 GB reserved,       4.25 MB ( <1%) committed,  1 nodes.
             Both:        1.06 GB reserved,      39.06 MB (  4%) committed. 

Chunk freelists:
   Non-Class:  12.58 MB
       Class:  11.59 MB
        Both:  24.17 MB

MaxMetaspaceSize: unlimited
CompressedClassSpaceSize: 1.00 GB
Initial GC threshold: 21.00 MB
Current GC threshold: 58.38 MB
CDS: off
MetaspaceReclaimPolicy: balanced
 - commit_granule_bytes: 65536.
 - commit_granule_words: 8192.
 - virtual_space_node_default_size: 8388608.
 - enlarge_chunks_in_place: 1.
 - new_chunks_are_fully_committed: 0.
 - uncommit_free_chunks: 1.
 - use_allocation_guard: 0.
 - handle_deallocations: 1.


Internal statistics:

num_allocs_failed_limit: 6.
num_arena_births: 398.
num_arena_deaths: 14.
num_vsnodes_births: 2.
num_vsnodes_deaths: 0.
num_space_committed: 625.
num_space_uncommitted: 0.
num_chunks_returned_to_freelist: 20.
num_chunks_taken_from_freelist: 1629.
num_chunk_merges: 10.
num_chunk_splits: 1065.
num_chunks_enlarged: 756.
num_inconsistent_stats: 0.

CodeHeap 'non-profiled nmethods': size=120000Kb used=1755Kb max_used=1755Kb free=118244Kb
 bounds [0x0000017387ad0000, 0x0000017387d40000, 0x000001738f000000]
CodeHeap 'profiled nmethods': size=120000Kb used=8393Kb max_used=8393Kb free=111606Kb
 bounds [0x0000017380000000, 0x0000017380840000, 0x0000017387530000]
CodeHeap 'non-nmethods': size=5760Kb used=1272Kb max_used=1331Kb free=4487Kb
 bounds [0x0000017387530000, 0x00000173877a0000, 0x0000017387ad0000]
 total_blobs=4575 nmethods=3983 adapters=506
 compilation: enabled
              stopped_count=0, restarted_count=0
 full_count=0

Compilation events (20 events):
Event: 3.211 Thread 0x00000173ff712c00 3977       3       com.google.gson.stream.JsonReader::hasNext (36 bytes)
Event: 3.211 Thread 0x00000173ff712c00 nmethod 3977 0x0000017380829310 code [0x00000173808294c0, 0x0000017380829788]
Event: 3.211 Thread 0x00000173ff712c00 3978       3       com.google.gson.stream.JsonReader::peek (144 bytes)
Event: 3.211 Thread 0x00000173ff712c00 nmethod 3978 0x0000017380829890 code [0x0000017380829aa0, 0x000001738082a138]
Event: 3.211 Thread 0x00000173ff712c00 3980       3       java.lang.StringBuilder::append (10 bytes)
Event: 3.211 Thread 0x00000173ff712c00 nmethod 3980 0x000001738082a290 code [0x000001738082a420, 0x000001738082a568]
Event: 3.211 Thread 0x00000173ff712c00 3973       3       java.lang.reflect.Constructor::acquireConstructorAccessor (44 bytes)
Event: 3.212 Thread 0x00000173ff712c00 nmethod 3973 0x000001738082a610 code [0x000001738082a7e0, 0x000001738082ac18]
Event: 3.212 Thread 0x00000173ff712c00 3981       3       com.google.gson.stream.JsonReader::nextName (116 bytes)
Event: 3.212 Thread 0x00000173ff712c00 nmethod 3981 0x000001738082ad90 code [0x000001738082b060, 0x000001738082be28]
Event: 3.229 Thread 0x00000173ff712c00 3983       3       java.lang.invoke.LambdaFormEditor::bindArgumentType (101 bytes)
Event: 3.229 Thread 0x00000173ff712c00 nmethod 3983 0x000001738082c290 code [0x000001738082c440, 0x000001738082c668]
Event: 3.229 Thread 0x00000173ff712c00 3984       3       java.lang.invoke.LambdaFormEditor::bindArgumentForm (269 bytes)
Event: 3.231 Thread 0x00000173ff712c00 nmethod 3984 0x000001738082c790 code [0x000001738082cb40, 0x000001738082e288]
Event: 3.232 Thread 0x00000173ff712c00 3985       3       java.util.regex.Pattern$Node::<init> (12 bytes)
Event: 3.232 Thread 0x00000173ff712c00 nmethod 3985 0x000001738082ed10 code [0x000001738082eea0, 0x000001738082f038]
Event: 3.243 Thread 0x00000173ff712c00 3986       3       java.util.regex.Pattern::append (43 bytes)
Event: 3.243 Thread 0x00000173ff712c00 nmethod 3986 0x000001738082f110 code [0x000001738082f2e0, 0x000001738082f698]
Event: 3.321 Thread 0x00000173ff712c00 3987   !   3       java.util.regex.Pattern::closure (276 bytes)
Event: 3.322 Thread 0x00000173ff712c00 nmethod 3987 0x000001738082f890 code [0x000001738082fc80, 0x0000017380831468]

GC Heap History (20 events):
Event: 1.480 GC heap before
{Heap before GC invocations=4 (full 0):
 PSYoungGen      total 29696K, used 29693K [0x00000000eab00000, 0x00000000ecc00000, 0x0000000100000000)
  eden space 25600K, 100% used [0x00000000eab00000,0x00000000ec400000,0x00000000ec400000)
  from space 4096K, 99% used [0x00000000ec400000,0x00000000ec7ff458,0x00000000ec800000)
  to   space 4096K, 0% used [0x00000000ec800000,0x00000000ec800000,0x00000000ecc00000)
 ParOldGen       total 68608K, used 4955K [0x00000000c0000000, 0x00000000c4300000, 0x00000000eab00000)
  object space 68608K, 7% used [0x00000000c0000000,0x00000000c04d6eb0,0x00000000c4300000)
 Metaspace       used 20257K, committed 20608K, reserved 1114112K
  class space    used 2035K, committed 2176K, reserved 1048576K
}
Event: 1.484 GC heap after
{Heap after GC invocations=4 (full 0):
 PSYoungGen      total 29696K, used 4078K [0x00000000eab00000, 0x00000000ecc00000, 0x0000000100000000)
  eden space 25600K, 0% used [0x00000000eab00000,0x00000000eab00000,0x00000000ec400000)
  from space 4096K, 99% used [0x00000000ec800000,0x00000000ecbfb9b0,0x00000000ecc00000)
  to   space 4096K, 0% used [0x00000000ec400000,0x00000000ec400000,0x00000000ec800000)
 ParOldGen       total 68608K, used 6303K [0x00000000c0000000, 0x00000000c4300000, 0x00000000eab00000)
  object space 68608K, 9% used [0x00000000c0000000,0x00000000c0627c18,0x00000000c4300000)
 Metaspace       used 20257K, committed 20608K, reserved 1114112K
  class space    used 2035K, committed 2176K, reserved 1048576K
}
Event: 1.537 GC heap before
{Heap before GC invocations=5 (full 0):
 PSYoungGen      total 29696K, used 9172K [0x00000000eab00000, 0x00000000ecc00000, 0x0000000100000000)
  eden space 25600K, 19% used [0x00000000eab00000,0x00000000eaff9790,0x00000000ec400000)
  from space 4096K, 99% used [0x00000000ec800000,0x00000000ecbfb9b0,0x00000000ecc00000)
  to   space 4096K, 0% used [0x00000000ec400000,0x00000000ec400000,0x00000000ec800000)
 ParOldGen       total 68608K, used 6303K [0x00000000c0000000, 0x00000000c4300000, 0x00000000eab00000)
  object space 68608K, 9% used [0x00000000c0000000,0x00000000c0627c18,0x00000000c4300000)
 Metaspace       used 21083K, committed 21504K, reserved 1114112K
  class space    used 2123K, committed 2304K, reserved 1048576K
}
Event: 1.540 GC heap after
{Heap after GC invocations=5 (full 0):
 PSYoungGen      total 29696K, used 4092K [0x00000000eab00000, 0x00000000ece00000, 0x0000000100000000)
  eden space 25600K, 0% used [0x00000000eab00000,0x00000000eab00000,0x00000000ec400000)
  from space 4096K, 99% used [0x00000000ec400000,0x00000000ec7ff208,0x00000000ec800000)
  to   space 5120K, 0% used [0x00000000ec900000,0x00000000ec900000,0x00000000ece00000)
 ParOldGen       total 68608K, used 6705K [0x00000000c0000000, 0x00000000c4300000, 0x00000000eab00000)
  object space 68608K, 9% used [0x00000000c0000000,0x00000000c068c4b0,0x00000000c4300000)
 Metaspace       used 21083K, committed 21504K, reserved 1114112K
  class space    used 2123K, committed 2304K, reserved 1048576K
}
Event: 1.540 GC heap before
{Heap before GC invocations=6 (full 1):
 PSYoungGen      total 29696K, used 4092K [0x00000000eab00000, 0x00000000ece00000, 0x0000000100000000)
  eden space 25600K, 0% used [0x00000000eab00000,0x00000000eab00000,0x00000000ec400000)
  from space 4096K, 99% used [0x00000000ec400000,0x00000000ec7ff208,0x00000000ec800000)
  to   space 5120K, 0% used [0x00000000ec900000,0x00000000ec900000,0x00000000ece00000)
 ParOldGen       total 68608K, used 6705K [0x00000000c0000000, 0x00000000c4300000, 0x00000000eab00000)
  object space 68608K, 9% used [0x00000000c0000000,0x00000000c068c4b0,0x00000000c4300000)
 Metaspace       used 21083K, committed 21504K, reserved 1114112K
  class space    used 2123K, committed 2304K, reserved 1048576K
}
Event: 1.558 GC heap after
{Heap after GC invocations=6 (full 1):
 PSYoungGen      total 29696K, used 0K [0x00000000eab00000, 0x00000000ece00000, 0x0000000100000000)
  eden space 25600K, 0% used [0x00000000eab00000,0x00000000eab00000,0x00000000ec400000)
  from space 4096K, 0% used [0x00000000ec400000,0x00000000ec400000,0x00000000ec800000)
  to   space 5120K, 0% used [0x00000000ec900000,0x00000000ec900000,0x00000000ece00000)
 ParOldGen       total 68608K, used 10472K [0x00000000c0000000, 0x00000000c4300000, 0x00000000eab00000)
  object space 68608K, 15% used [0x00000000c0000000,0x00000000c0a3a328,0x00000000c4300000)
 Metaspace       used 21083K, committed 21504K, reserved 1114112K
  class space    used 2123K, committed 2304K, reserved 1048576K
}
Event: 1.905 GC heap before
{Heap before GC invocations=7 (full 1):
 PSYoungGen      total 29696K, used 25600K [0x00000000eab00000, 0x00000000ece00000, 0x0000000100000000)
  eden space 25600K, 100% used [0x00000000eab00000,0x00000000ec400000,0x00000000ec400000)
  from space 4096K, 0% used [0x00000000ec400000,0x00000000ec400000,0x00000000ec800000)
  to   space 5120K, 0% used [0x00000000ec900000,0x00000000ec900000,0x00000000ece00000)
 ParOldGen       total 68608K, used 10472K [0x00000000c0000000, 0x00000000c4300000, 0x00000000eab00000)
  object space 68608K, 15% used [0x00000000c0000000,0x00000000c0a3a328,0x00000000c4300000)
 Metaspace       used 24398K, committed 24896K, reserved 1114112K
  class space    used 2471K, committed 2688K, reserved 1048576K
}
Event: 1.907 GC heap after
{Heap after GC invocations=7 (full 1):
 PSYoungGen      total 26624K, used 1525K [0x00000000eab00000, 0x00000000eca80000, 0x0000000100000000)
  eden space 25088K, 0% used [0x00000000eab00000,0x00000000eab00000,0x00000000ec380000)
  from space 1536K, 99% used [0x00000000ec900000,0x00000000eca7d770,0x00000000eca80000)
  to   space 3072K, 0% used [0x00000000ec480000,0x00000000ec480000,0x00000000ec780000)
 ParOldGen       total 68608K, used 10480K [0x00000000c0000000, 0x00000000c4300000, 0x00000000eab00000)
  object space 68608K, 15% used [0x00000000c0000000,0x00000000c0a3c328,0x00000000c4300000)
 Metaspace       used 24398K, committed 24896K, reserved 1114112K
  class space    used 2471K, committed 2688K, reserved 1048576K
}
Event: 2.111 GC heap before
{Heap before GC invocations=8 (full 1):
 PSYoungGen      total 26624K, used 26609K [0x00000000eab00000, 0x00000000eca80000, 0x0000000100000000)
  eden space 25088K, 99% used [0x00000000eab00000,0x00000000ec37ee28,0x00000000ec380000)
  from space 1536K, 99% used [0x00000000ec900000,0x00000000eca7d770,0x00000000eca80000)
  to   space 3072K, 0% used [0x00000000ec480000,0x00000000ec480000,0x00000000ec780000)
 ParOldGen       total 68608K, used 10480K [0x00000000c0000000, 0x00000000c4300000, 0x00000000eab00000)
  object space 68608K, 15% used [0x00000000c0000000,0x00000000c0a3c328,0x00000000c4300000)
 Metaspace       used 27387K, committed 27968K, reserved 1114112K
  class space    used 2790K, committed 3008K, reserved 1048576K
}
Event: 2.113 GC heap after
{Heap after GC invocations=8 (full 1):
 PSYoungGen      total 27648K, used 3050K [0x00000000eab00000, 0x00000000ecd00000, 0x0000000100000000)
  eden space 24576K, 0% used [0x00000000eab00000,0x00000000eab00000,0x00000000ec300000)
  from space 3072K, 99% used [0x00000000ec480000,0x00000000ec77ab58,0x00000000ec780000)
  to   space 5120K, 0% used [0x00000000ec800000,0x00000000ec800000,0x00000000ecd00000)
 ParOldGen       total 68608K, used 11652K [0x00000000c0000000, 0x00000000c4300000, 0x00000000eab00000)
  object space 68608K, 16% used [0x00000000c0000000,0x00000000c0b61098,0x00000000c4300000)
 Metaspace       used 27387K, committed 27968K, reserved 1114112K
  class space    used 2790K, committed 3008K, reserved 1048576K
}
Event: 2.269 GC heap before
{Heap before GC invocations=9 (full 1):
 PSYoungGen      total 27648K, used 27540K [0x00000000eab00000, 0x00000000ecd00000, 0x0000000100000000)
  eden space 24576K, 99% used [0x00000000eab00000,0x00000000ec2ea750,0x00000000ec300000)
  from space 3072K, 99% used [0x00000000ec480000,0x00000000ec77ab58,0x00000000ec780000)
  to   space 5120K, 0% used [0x00000000ec800000,0x00000000ec800000,0x00000000ecd00000)
 ParOldGen       total 68608K, used 11652K [0x00000000c0000000, 0x00000000c4300000, 0x00000000eab00000)
  object space 68608K, 16% used [0x00000000c0000000,0x00000000c0b61098,0x00000000c4300000)
 Metaspace       used 30640K, committed 31232K, reserved 1114112K
  class space    used 3036K, committed 3264K, reserved 1048576K
}
Event: 2.270 GC heap after
{Heap after GC invocations=9 (full 1):
 PSYoungGen      total 27648K, used 3231K [0x00000000eab00000, 0x00000000ecb80000, 0x0000000100000000)
  eden space 24064K, 0% used [0x00000000eab00000,0x00000000eab00000,0x00000000ec280000)
  from space 3584K, 90% used [0x00000000ec800000,0x00000000ecb27c28,0x00000000ecb80000)
  to   space 3584K, 0% used [0x00000000ec480000,0x00000000ec480000,0x00000000ec800000)
 ParOldGen       total 68608K, used 11652K [0x00000000c0000000, 0x00000000c4300000, 0x00000000eab00000)
  object space 68608K, 16% used [0x00000000c0000000,0x00000000c0b61098,0x00000000c4300000)
 Metaspace       used 30640K, committed 31232K, reserved 1114112K
  class space    used 3036K, committed 3264K, reserved 1048576K
}
Event: 2.494 GC heap before
{Heap before GC invocations=10 (full 1):
 PSYoungGen      total 27648K, used 27295K [0x00000000eab00000, 0x00000000ecb80000, 0x0000000100000000)
  eden space 24064K, 100% used [0x00000000eab00000,0x00000000ec280000,0x00000000ec280000)
  from space 3584K, 90% used [0x00000000ec800000,0x00000000ecb27c28,0x00000000ecb80000)
  to   space 3584K, 0% used [0x00000000ec480000,0x00000000ec480000,0x00000000ec800000)
 ParOldGen       total 68608K, used 11652K [0x00000000c0000000, 0x00000000c4300000, 0x00000000eab00000)
  object space 68608K, 16% used [0x00000000c0000000,0x00000000c0b61098,0x00000000c4300000)
 Metaspace       used 33221K, committed 33920K, reserved 1114112K
  class space    used 3238K, committed 3584K, reserved 1048576K
}
Event: 2.496 GC heap after
{Heap after GC invocations=10 (full 1):
 PSYoungGen      total 26112K, used 2197K [0x00000000eab00000, 0x00000000ec880000, 0x0000000100000000)
  eden space 23552K, 0% used [0x00000000eab00000,0x00000000eab00000,0x00000000ec200000)
  from space 2560K, 85% used [0x00000000ec480000,0x00000000ec6a5530,0x00000000ec700000)
  to   space 1536K, 0% used [0x00000000ec700000,0x00000000ec700000,0x00000000ec880000)
 ParOldGen       total 68608K, used 12849K [0x00000000c0000000, 0x00000000c4300000, 0x00000000eab00000)
  object space 68608K, 18% used [0x00000000c0000000,0x00000000c0c8c508,0x00000000c4300000)
 Metaspace       used 33221K, committed 33920K, reserved 1114112K
  class space    used 3238K, committed 3584K, reserved 1048576K
}
Event: 2.708 GC heap before
{Heap before GC invocations=11 (full 1):
 PSYoungGen      total 26112K, used 13402K [0x00000000eab00000, 0x00000000ec880000, 0x0000000100000000)
  eden space 23552K, 47% used [0x00000000eab00000,0x00000000eb5f1440,0x00000000ec200000)
  from space 2560K, 85% used [0x00000000ec480000,0x00000000ec6a5530,0x00000000ec700000)
  to   space 1536K, 0% used [0x00000000ec700000,0x00000000ec700000,0x00000000ec880000)
 ParOldGen       total 68608K, used 12849K [0x00000000c0000000, 0x00000000c4300000, 0x00000000eab00000)
  object space 68608K, 18% used [0x00000000c0000000,0x00000000c0c8c508,0x00000000c4300000)
 Metaspace       used 35096K, committed 35840K, reserved 1114112K
  class space    used 3469K, committed 3840K, reserved 1048576K
}
Event: 2.710 GC heap after
{Heap after GC invocations=11 (full 1):
 PSYoungGen      total 25088K, used 1528K [0x00000000eab00000, 0x00000000ec900000, 0x0000000100000000)
  eden space 23552K, 0% used [0x00000000eab00000,0x00000000eab00000,0x00000000ec200000)
  from space 1536K, 99% used [0x00000000ec700000,0x00000000ec87e348,0x00000000ec880000)
  to   space 3584K, 0% used [0x00000000ec200000,0x00000000ec200000,0x00000000ec580000)
 ParOldGen       total 68608K, used 14270K [0x00000000c0000000, 0x00000000c4300000, 0x00000000eab00000)
  object space 68608K, 20% used [0x00000000c0000000,0x00000000c0defaf8,0x00000000c4300000)
 Metaspace       used 35096K, committed 35840K, reserved 1114112K
  class space    used 3469K, committed 3840K, reserved 1048576K
}
Event: 2.710 GC heap before
{Heap before GC invocations=12 (full 2):
 PSYoungGen      total 25088K, used 1528K [0x00000000eab00000, 0x00000000ec900000, 0x0000000100000000)
  eden space 23552K, 0% used [0x00000000eab00000,0x00000000eab00000,0x00000000ec200000)
  from space 1536K, 99% used [0x00000000ec700000,0x00000000ec87e348,0x00000000ec880000)
  to   space 3584K, 0% used [0x00000000ec200000,0x00000000ec200000,0x00000000ec580000)
 ParOldGen       total 68608K, used 14270K [0x00000000c0000000, 0x00000000c4300000, 0x00000000eab00000)
  object space 68608K, 20% used [0x00000000c0000000,0x00000000c0defaf8,0x00000000c4300000)
 Metaspace       used 35096K, committed 35840K, reserved 1114112K
  class space    used 3469K, committed 3840K, reserved 1048576K
}
Event: 2.729 GC heap after
{Heap after GC invocations=12 (full 2):
 PSYoungGen      total 25088K, used 0K [0x00000000eab00000, 0x00000000ec900000, 0x0000000100000000)
  eden space 23552K, 0% used [0x00000000eab00000,0x00000000eab00000,0x00000000ec200000)
  from space 1536K, 0% used [0x00000000ec700000,0x00000000ec700000,0x00000000ec880000)
  to   space 3584K, 0% used [0x00000000ec200000,0x00000000ec200000,0x00000000ec580000)
 ParOldGen       total 68608K, used 13404K [0x00000000c0000000, 0x00000000c4300000, 0x00000000eab00000)
  object space 68608K, 19% used [0x00000000c0000000,0x00000000c0d17188,0x00000000c4300000)
 Metaspace       used 35083K, committed 35840K, reserved 1114112K
  class space    used 3466K, committed 3840K, reserved 1048576K
}
Event: 3.152 GC heap before
{Heap before GC invocations=13 (full 2):
 PSYoungGen      total 25088K, used 23551K [0x00000000eab00000, 0x00000000ec900000, 0x0000000100000000)
  eden space 23552K, 99% used [0x00000000eab00000,0x00000000ec1ffd40,0x00000000ec200000)
  from space 1536K, 0% used [0x00000000ec700000,0x00000000ec700000,0x00000000ec880000)
  to   space 3584K, 0% used [0x00000000ec200000,0x00000000ec200000,0x00000000ec580000)
 ParOldGen       total 68608K, used 13404K [0x00000000c0000000, 0x00000000c4300000, 0x00000000eab00000)
  object space 68608K, 19% used [0x00000000c0000000,0x00000000c0d17188,0x00000000c4300000)
 Metaspace       used 38190K, committed 38976K, reserved 1114112K
  class space    used 3878K, committed 4224K, reserved 1048576K
}
Event: 3.153 GC heap after
{Heap after GC invocations=13 (full 2):
 PSYoungGen      total 26624K, used 992K [0x00000000eab00000, 0x00000000ec780000, 0x0000000100000000)
  eden space 23040K, 0% used [0x00000000eab00000,0x00000000eab00000,0x00000000ec180000)
  from space 3584K, 27% used [0x00000000ec200000,0x00000000ec2f8000,0x00000000ec580000)
  to   space 2048K, 0% used [0x00000000ec580000,0x00000000ec580000,0x00000000ec780000)
 ParOldGen       total 68608K, used 13412K [0x00000000c0000000, 0x00000000c4300000, 0x00000000eab00000)
  object space 68608K, 19% used [0x00000000c0000000,0x00000000c0d19188,0x00000000c4300000)
 Metaspace       used 38190K, committed 38976K, reserved 1114112K
  class space    used 3878K, committed 4224K, reserved 1048576K
}

Dll operation events (10 events):
Event: 0.011 Loaded shared library c:\Users\ayush\.vscode\extensions\redhat.java-1.24.0-win32-x64\jre\17.0.8.1-win32-x86_64\bin\java.dll
Event: 0.107 Loaded shared library c:\Users\ayush\.vscode\extensions\redhat.java-1.24.0-win32-x64\jre\17.0.8.1-win32-x86_64\bin\zip.dll
Event: 0.110 Loaded shared library C:\Users\ayush\.vscode\extensions\redhat.java-1.24.0-win32-x64\jre\17.0.8.1-win32-x86_64\bin\instrument.dll
Event: 0.120 Loaded shared library C:\Users\ayush\.vscode\extensions\redhat.java-1.24.0-win32-x64\jre\17.0.8.1-win32-x86_64\bin\net.dll
Event: 0.122 Loaded shared library C:\Users\ayush\.vscode\extensions\redhat.java-1.24.0-win32-x64\jre\17.0.8.1-win32-x86_64\bin\nio.dll
Event: 0.127 Loaded shared library C:\Users\ayush\.vscode\extensions\redhat.java-1.24.0-win32-x64\jre\17.0.8.1-win32-x86_64\bin\zip.dll
Event: 0.139 Loaded shared library C:\Users\ayush\.vscode\extensions\redhat.java-1.24.0-win32-x64\jre\17.0.8.1-win32-x86_64\bin\jimage.dll
Event: 0.183 Loaded shared library c:\Users\ayush\.vscode\extensions\redhat.java-1.24.0-win32-x64\jre\17.0.8.1-win32-x86_64\bin\verify.dll
Event: 0.827 Loaded shared library C:\Users\ayush\AppData\Roaming\Code\User\globalStorage\redhat.java\1.24.0\config_win\org.eclipse.equinox.launcher\org.eclipse.equinox.launcher.win32.win32.x86_64_1.2.700.v20221108-1024\eclipse_11801.dll
Event: 2.643 Loaded shared library C:\Users\ayush\AppData\Local\Temp\jna-93302354\jna11385790488011038669.dll

Deoptimization events (20 events):
Event: 3.110 Thread 0x00000173906b7110 DEOPT PACKING pc=0x00000173803bb28c sp=0x00000008081fda50
Event: 3.110 Thread 0x00000173906b7110 DEOPT UNPACKING pc=0x0000017387586e43 sp=0x00000008081fcfa8 mode 0
Event: 3.112 Thread 0x00000173f552cf40 DEOPT PACKING pc=0x00000173803bb384 sp=0x00000008062fd9c0
Event: 3.112 Thread 0x00000173f552cf40 DEOPT UNPACKING pc=0x0000017387586e43 sp=0x00000008062fcf18 mode 0
Event: 3.115 Thread 0x00000173906b5cd0 Uncommon trap: trap_request=0xffffffde fr.pc=0x0000017387c0bdb0 relative=0x0000000000000090
Event: 3.115 Thread 0x00000173906b5cd0 Uncommon trap: reason=class_check action=maybe_recompile pc=0x0000017387c0bdb0 method=java.lang.Character.codePointAt(Ljava/lang/CharSequence;I)I @ 2 c2
Event: 3.115 Thread 0x00000173906b5cd0 DEOPT PACKING pc=0x0000017387c0bdb0 sp=0x00000008082fea80
Event: 3.115 Thread 0x00000173906b5cd0 DEOPT UNPACKING pc=0x00000173875866a3 sp=0x00000008082fea08 mode 2
Event: 3.115 Thread 0x00000173906b5cd0 Uncommon trap: trap_request=0xffffffde fr.pc=0x0000017387c0bdb0 relative=0x0000000000000090
Event: 3.115 Thread 0x00000173906b5cd0 Uncommon trap: reason=class_check action=maybe_recompile pc=0x0000017387c0bdb0 method=java.lang.Character.codePointAt(Ljava/lang/CharSequence;I)I @ 2 c2
Event: 3.115 Thread 0x00000173906b5cd0 DEOPT PACKING pc=0x0000017387c0bdb0 sp=0x00000008082fea80
Event: 3.115 Thread 0x00000173906b5cd0 DEOPT UNPACKING pc=0x00000173875866a3 sp=0x00000008082fea08 mode 2
Event: 3.115 Thread 0x00000173906b5cd0 Uncommon trap: trap_request=0xffffffde fr.pc=0x0000017387c0bdb0 relative=0x0000000000000090
Event: 3.115 Thread 0x00000173906b5cd0 Uncommon trap: reason=class_check action=maybe_recompile pc=0x0000017387c0bdb0 method=java.lang.Character.codePointAt(Ljava/lang/CharSequence;I)I @ 2 c2
Event: 3.115 Thread 0x00000173906b5cd0 DEOPT PACKING pc=0x0000017387c0bdb0 sp=0x00000008082fea80
Event: 3.115 Thread 0x00000173906b5cd0 DEOPT UNPACKING pc=0x00000173875866a3 sp=0x00000008082fea08 mode 2
Event: 3.115 Thread 0x00000173906b5cd0 Uncommon trap: trap_request=0xffffffde fr.pc=0x0000017387c0bdb0 relative=0x0000000000000090
Event: 3.115 Thread 0x00000173906b5cd0 Uncommon trap: reason=class_check action=maybe_recompile pc=0x0000017387c0bdb0 method=java.lang.Character.codePointAt(Ljava/lang/CharSequence;I)I @ 2 c2
Event: 3.115 Thread 0x00000173906b5cd0 DEOPT PACKING pc=0x0000017387c0bdb0 sp=0x00000008082fea80
Event: 3.115 Thread 0x00000173906b5cd0 DEOPT UNPACKING pc=0x00000173875866a3 sp=0x00000008082fea08 mode 2

Classes unloaded (7 events):
Event: 2.713 Thread 0x00000173f55b10b0 Unloading class 0x0000000100250000 'java/lang/invoke/LambdaForm$MH+0x0000000100250000'
Event: 2.713 Thread 0x00000173f55b10b0 Unloading class 0x000000010024fc00 'java/lang/invoke/LambdaForm$MH+0x000000010024fc00'
Event: 2.713 Thread 0x00000173f55b10b0 Unloading class 0x000000010024f800 'java/lang/invoke/LambdaForm$MH+0x000000010024f800'
Event: 2.713 Thread 0x00000173f55b10b0 Unloading class 0x000000010024f400 'java/lang/invoke/LambdaForm$MH+0x000000010024f400'
Event: 2.713 Thread 0x00000173f55b10b0 Unloading class 0x000000010024f000 'java/lang/invoke/LambdaForm$BMH+0x000000010024f000'
Event: 2.713 Thread 0x00000173f55b10b0 Unloading class 0x000000010024ec00 'java/lang/invoke/LambdaForm$DMH+0x000000010024ec00'
Event: 2.713 Thread 0x00000173f55b10b0 Unloading class 0x000000010024c000 'java/lang/invoke/LambdaForm$DMH+0x000000010024c000'

Classes redefined (0 events):
No events

Internal exceptions (20 events):
Event: 2.016 Thread 0x00000173906c05c0 Exception <a 'java/lang/NoSuchMethodError'{0x00000000eb76fac0}: 'void java.lang.invoke.DirectMethodHandle$Holder.invokeSpecial(java.lang.Object, java.lang.Object, java.lang.Object, int)'> (0x00000000eb76fac0) 
thrown [s\src\hotspot\share\interpreter\linkResolver.cpp, line 759]
Event: 2.362 Thread 0x00000173906c05c0 Exception <a 'java/lang/ClassNotFoundException'{0x00000000ebd26228}: com/sun/org/apache/xerces/internal/impl/msg/spi/DOMMessagesProvider> (0x00000000ebd26228) 
thrown [s\src\hotspot\share\classfile\systemDictionary.cpp, line 256]
Event: 2.362 Thread 0x00000173906c05c0 Exception <a 'java/lang/ClassNotFoundException'{0x00000000ebd379b0}: com/sun/org/apache/xerces/internal/impl/msg/spi/XMLSerializerMessagesProvider> (0x00000000ebd379b0) 
thrown [s\src\hotspot\share\classfile\systemDictionary.cpp, line 256]
Event: 2.363 Thread 0x00000173906c05c0 Exception <a 'java/lang/ClassNotFoundException'{0x00000000ebd44c38}: com/sun/org/apache/xerces/internal/impl/msg/spi/XMLMessagesProvider> (0x00000000ebd44c38) 
thrown [s\src\hotspot\share\classfile\systemDictionary.cpp, line 256]
Event: 2.373 Thread 0x00000173906c05c0 Exception <a 'java/lang/NoSuchMethodError'{0x00000000ebdf6b38}: 'void java.lang.invoke.DirectMethodHandle$Holder.invokeVirtual(java.lang.Object, java.lang.Object)'> (0x00000000ebdf6b38) 
thrown [s\src\hotspot\share\interpreter\linkResolver.cpp, line 759]
Event: 2.395 Thread 0x00000173906c05c0 Exception <a 'java/lang/NoSuchMethodError'{0x00000000ec027308}: 'java.lang.Object java.lang.invoke.DirectMethodHandle$Holder.invokeStaticInit(java.lang.Object, int, int, int, int)'> (0x00000000ec027308) 
thrown [s\src\hotspot\share\interpreter\linkResolver.cpp, line 759]
Event: 2.476 Thread 0x00000173906c05c0 Exception <a 'java/lang/NoSuchMethodError'{0x00000000ec0e0588}: 'java.lang.Object java.lang.invoke.DirectMethodHandle$Holder.invokeStaticInit(java.lang.Object, java.lang.Object, int, int, int, int)'> (0x00000000ec0e0588) 
thrown [s\src\hotspot\share\interpreter\linkResolver.cpp, line 759]
Event: 2.521 Thread 0x00000173906c05c0 Exception <a 'java/lang/ClassNotFoundException'{0x00000000eacf0b18}: com/sun/org/apache/xml/internal/serializer/spi/XMLEntitiesProvider> (0x00000000eacf0b18) 
thrown [s\src\hotspot\share\classfile\systemDictionary.cpp, line 256]
Event: 2.574 Thread 0x00000173906c05c0 Exception <a 'java/io/FileNotFoundException'{0x00000000eb081698}> (0x00000000eb081698) 
thrown [s\src\hotspot\share\prims\jni.cpp, line 516]
Event: 2.665 Thread 0x00000173906c05c0 Exception <a 'java/lang/UnsatisfiedLinkError'{0x00000000eb381e40}: The specified procedure could not be found.
> (0x00000000eb381e40) 
thrown [s\src\hotspot\share\prims\jni.cpp, line 535]
Event: 2.670 Thread 0x00000173906c05c0 Exception <a 'java/io/FileNotFoundException'{0x00000000eb3a7978}> (0x00000000eb3a7978) 
thrown [s\src\hotspot\share\prims\jni.cpp, line 516]
Event: 2.677 Thread 0x00000173906c05c0 Exception <a 'java/io/FileNotFoundException'{0x00000000eb42b2b8}> (0x00000000eb42b2b8) 
thrown [s\src\hotspot\share\prims\jni.cpp, line 516]
Event: 2.684 Thread 0x00000173906c05c0 Exception <a 'java/lang/UnsatisfiedLinkError'{0x00000000eb4b95f0}: The specified procedure could not be found.
> (0x00000000eb4b95f0) 
thrown [s\src\hotspot\share\prims\jni.cpp, line 535]
Event: 2.776 Thread 0x00000173f552cf40 Exception <a 'java/lang/NoSuchMethodError'{0x00000000eaef98f8}: 'java.lang.Object java.lang.invoke.DirectMethodHandle$Holder.invokeStatic(java.lang.Object, java.lang.Object, long, java.lang.Object)'> (0x00000000eaef98f8) 
thrown [s\src\hotspot\share\interpreter\linkResolver.cpp, line 759]
Event: 2.776 Thread 0x00000173f552cf40 Exception <a 'java/lang/NoSuchMethodError'{0x00000000eaefd390}: 'java.lang.Object java.lang.invoke.DirectMethodHandle$Holder.invokeStaticInit(java.lang.Object, java.lang.Object, long, java.lang.Object)'> (0x00000000eaefd390) 
thrown [s\src\hotspot\share\interpreter\linkResolver.cpp, line 759]
Event: 2.776 Thread 0x00000173f552cf40 Exception <a 'java/lang/NoSuchMethodError'{0x00000000eaf08318}: 'java.lang.Object java.lang.invoke.DirectMethodHandle$Holder.newInvokeSpecial(java.lang.Object, java.lang.Object, long)'> (0x00000000eaf08318) 
thrown [s\src\hotspot\share\interpreter\linkResolver.cpp, line 759]
Event: 2.827 Thread 0x00000173f552cf40 Exception <a 'java/lang/NoSuchMethodError'{0x00000000eb0d5a90}: 'void java.lang.invoke.DirectMethodHandle$Holder.invokeStatic(java.lang.Object, java.lang.Object, java.lang.Object, java.lang.Object)'> (0x00000000eb0d5a90) 
thrown [s\src\hotspot\share\interpreter\linkResolver.cpp, line 759]
Event: 3.094 Thread 0x00000173f552cf40 Exception <a 'java/lang/NoSuchMethodError'{0x00000000ebb3e770}: 'void java.lang.invoke.DirectMethodHandle$Holder.invokeSpecial(java.lang.Object, java.lang.Object, java.lang.Object, java.lang.Object, java.lang.Object, java.lang.Object)'> (0x00000000ebb3e770) 
thrown [s\src\hotspot\share\interpreter\linkResolver.cpp, line 759]
Event: 3.094 Thread 0x00000173f552cf40 Exception <a 'java/lang/IncompatibleClassChangeError'{0x00000000ebb48290}: Found class java.lang.Object, but interface was expected> (0x00000000ebb48290) 
thrown [s\src\hotspot\share\interpreter\linkResolver.cpp, line 826]
Event: 3.124 Thread 0x00000173906b5cd0 Exception <a 'java/lang/NoSuchMethodError'{0x00000000ebe51b38}: 'java.lang.Object java.lang.invoke.DirectMethodHandle$Holder.invokeSpecialIFC(java.lang.Object, java.lang.Object, java.lang.Object, java.lang.Object)'> (0x00000000ebe51b38) 
thrown [s\src\hotspot\share\interpreter\linkResolver.cpp, line 759]

VM Operations (20 events):
Event: 2.473 Executing VM operation: HandshakeAllThreads
Event: 2.473 Executing VM operation: HandshakeAllThreads done
Event: 2.494 Executing VM operation: ParallelGCFailedAllocation
Event: 2.496 Executing VM operation: ParallelGCFailedAllocation done
Event: 2.511 Executing VM operation: HandshakeAllThreads
Event: 2.511 Executing VM operation: HandshakeAllThreads done
Event: 2.520 Executing VM operation: HandshakeAllThreads
Event: 2.520 Executing VM operation: HandshakeAllThreads done
Event: 2.539 Executing VM operation: HandshakeAllThreads
Event: 2.539 Executing VM operation: HandshakeAllThreads done
Event: 2.655 Executing VM operation: HandshakeAllThreads
Event: 2.655 Executing VM operation: HandshakeAllThreads done
Event: 2.708 Executing VM operation: CollectForMetadataAllocation
Event: 2.729 Executing VM operation: CollectForMetadataAllocation done
Event: 3.110 Executing VM operation: HandshakeAllThreads
Event: 3.110 Executing VM operation: HandshakeAllThreads done
Event: 3.131 Executing VM operation: HandshakeAllThreads
Event: 3.131 Executing VM operation: HandshakeAllThreads done
Event: 3.152 Executing VM operation: ParallelGCFailedAllocation
Event: 3.153 Executing VM operation: ParallelGCFailedAllocation done

Events (20 events):
Event: 3.071 loading class java/math/BigDecimal
Event: 3.072 loading class java/math/BigDecimal done
Event: 3.082 loading class java/util/concurrent/atomic/AtomicIntegerArray
Event: 3.082 loading class java/util/concurrent/atomic/AtomicIntegerArray done
Event: 3.083 loading class java/util/Currency
Event: 3.083 loading class java/util/Currency done
Event: 3.085 loading class java/util/concurrent/atomic/AtomicLongArray
Event: 3.085 loading class java/util/concurrent/atomic/AtomicLongArray done
Event: 3.106 Thread 0x0000017390f55ac0 Thread added: 0x0000017390f55ac0
Event: 3.113 loading class sun/util/locale/provider/DateFormatProviderImpl
Event: 3.113 loading class sun/util/locale/provider/DateFormatProviderImpl done
Event: 3.122 Thread 0x0000017391a27d70 Thread added: 0x0000017391a27d70
Event: 3.149 loading class java/io/FilterReader
Event: 3.149 loading class java/io/FilterReader done
Event: 3.165 Thread 0x0000017390f564e0 Thread added: 0x0000017390f564e0
Event: 3.165 Thread 0x0000017390f53750 Thread added: 0x0000017390f53750
Event: 3.180 loading class sun/reflect/generics/repository/FieldRepository
Event: 3.181 loading class sun/reflect/generics/repository/FieldRepository done
Event: 3.183 loading class jdk/internal/reflect/UnsafeQualifiedIntegerFieldAccessorImpl
Event: 3.184 loading class jdk/internal/reflect/UnsafeQualifiedIntegerFieldAccessorImpl done


Dynamic libraries:
0x00007ff6f9990000 - 0x00007ff6f999e000 	c:\Users\ayush\.vscode\extensions\redhat.java-1.24.0-win32-x64\jre\17.0.8.1-win32-x86_64\bin\java.exe
0x00007ffaa6c30000 - 0x00007ffaa6e47000 	C:\windows\SYSTEM32\ntdll.dll
0x00007ffaa52b0000 - 0x00007ffaa5374000 	C:\windows\System32\KERNEL32.DLL
0x00007ffaa4210000 - 0x00007ffaa45b5000 	C:\windows\System32\KERNELBASE.dll
0x00007ffaa45c0000 - 0x00007ffaa46d1000 	C:\windows\System32\ucrtbase.dll
0x00007ffa92550000 - 0x00007ffa92567000 	c:\Users\ayush\.vscode\extensions\redhat.java-1.24.0-win32-x64\jre\17.0.8.1-win32-x86_64\bin\jli.dll
0x00007ffaa5fc0000 - 0x00007ffaa616e000 	C:\windows\System32\USER32.dll
0x00007ffa8fdb0000 - 0x00007ffa8fdc9000 	c:\Users\ayush\.vscode\extensions\redhat.java-1.24.0-win32-x64\jre\17.0.8.1-win32-x86_64\bin\VCRUNTIME140.dll
0x00007ffaa41e0000 - 0x00007ffaa4206000 	C:\windows\System32\win32u.dll
0x00007ffaa5280000 - 0x00007ffaa52a9000 	C:\windows\System32\GDI32.dll
0x00007ffaa3fa0000 - 0x00007ffaa40b9000 	C:\windows\System32\gdi32full.dll
0x00007ffaa40c0000 - 0x00007ffaa415a000 	C:\windows\System32\msvcp_win.dll
0x00007ffa885a0000 - 0x00007ffa88833000 	C:\windows\WinSxS\amd64_microsoft.windows.common-controls_6595b64144ccf1df_6.0.22621.2506_none_270c5ae97388e100\COMCTL32.dll
0x00007ffaa5a40000 - 0x00007ffaa5ae7000 	C:\windows\System32\msvcrt.dll
0x00007ffaa5bc0000 - 0x00007ffaa5bf1000 	C:\windows\System32\IMM32.DLL
0x00007ffa9c400000 - 0x00007ffa9c40c000 	c:\Users\ayush\.vscode\extensions\redhat.java-1.24.0-win32-x64\jre\17.0.8.1-win32-x86_64\bin\vcruntime140_1.dll
0x00007ffa640d0000 - 0x00007ffa64161000 	c:\Users\ayush\.vscode\extensions\redhat.java-1.24.0-win32-x64\jre\17.0.8.1-win32-x86_64\bin\msvcp140.dll
0x00007ffa08a30000 - 0x00007ffa0967c000 	c:\Users\ayush\.vscode\extensions\redhat.java-1.24.0-win32-x64\jre\17.0.8.1-win32-x86_64\bin\server\jvm.dll
0x00007ffaa6ad0000 - 0x00007ffaa6b81000 	C:\windows\System32\ADVAPI32.dll
0x00007ffaa5990000 - 0x00007ffaa5a36000 	C:\windows\System32\sechost.dll
0x00007ffaa4ae0000 - 0x00007ffaa4bf7000 	C:\windows\System32\RPCRT4.dll
0x00007ffaa3e70000 - 0x00007ffaa3ebd000 	C:\windows\SYSTEM32\POWRPROF.dll
0x00007ffa9c620000 - 0x00007ffa9c654000 	C:\windows\SYSTEM32\WINMM.dll
0x00007ffa7f440000 - 0x00007ffa7f449000 	C:\windows\SYSTEM32\WSOCK32.dll
0x00007ffa9af10000 - 0x00007ffa9af1a000 	C:\windows\SYSTEM32\VERSION.dll
0x00007ffaa4c00000 - 0x00007ffaa4c71000 	C:\windows\System32\WS2_32.dll
0x00007ffaa3e50000 - 0x00007ffaa3e63000 	C:\windows\SYSTEM32\UMPDC.dll
0x00007ffaa2f00000 - 0x00007ffaa2f18000 	C:\windows\SYSTEM32\kernel.appcore.dll
0x00007ffa93000000 - 0x00007ffa9300a000 	c:\Users\ayush\.vscode\extensions\redhat.java-1.24.0-win32-x64\jre\17.0.8.1-win32-x86_64\bin\jimage.dll
0x00007ffa917c0000 - 0x00007ffa919f3000 	C:\windows\SYSTEM32\DBGHELP.DLL
0x00007ffaa5c00000 - 0x00007ffaa5f89000 	C:\windows\System32\combase.dll
0x00007ffaa58b0000 - 0x00007ffaa5987000 	C:\windows\System32\OLEAUT32.dll
0x00007ffa91230000 - 0x00007ffa91262000 	C:\windows\SYSTEM32\dbgcore.DLL
0x00007ffaa4160000 - 0x00007ffaa41da000 	C:\windows\System32\bcryptPrimitives.dll
0x00007ffa8ff20000 - 0x00007ffa8ff2e000 	c:\Users\ayush\.vscode\extensions\redhat.java-1.24.0-win32-x64\jre\17.0.8.1-win32-x86_64\bin\instrument.dll
0x00007ffa7b700000 - 0x00007ffa7b725000 	c:\Users\ayush\.vscode\extensions\redhat.java-1.24.0-win32-x64\jre\17.0.8.1-win32-x86_64\bin\java.dll
0x00007ffa859f0000 - 0x00007ffa85a08000 	c:\Users\ayush\.vscode\extensions\redhat.java-1.24.0-win32-x64\jre\17.0.8.1-win32-x86_64\bin\zip.dll
0x00007ffaa6170000 - 0x00007ffaa69c9000 	C:\windows\System32\SHELL32.dll
0x00007ffaa1e70000 - 0x00007ffaa2764000 	C:\windows\SYSTEM32\windows.storage.dll
0x00007ffaa1d30000 - 0x00007ffaa1e6e000 	C:\windows\SYSTEM32\wintypes.dll
0x00007ffaa4d60000 - 0x00007ffaa4e53000 	C:\windows\System32\SHCORE.dll
0x00007ffaa6b90000 - 0x00007ffaa6bee000 	C:\windows\System32\shlwapi.dll
0x00007ffaa3ed0000 - 0x00007ffaa3ef6000 	C:\windows\SYSTEM32\profapi.dll
0x00007ffa82940000 - 0x00007ffa82959000 	C:\Users\ayush\.vscode\extensions\redhat.java-1.24.0-win32-x64\jre\17.0.8.1-win32-x86_64\bin\net.dll
0x00007ffa9c660000 - 0x00007ffa9c797000 	C:\windows\SYSTEM32\WINHTTP.dll
0x00007ffaa33e0000 - 0x00007ffaa3449000 	C:\windows\system32\mswsock.dll
0x00007ffa7b050000 - 0x00007ffa7b065000 	C:\Users\ayush\.vscode\extensions\redhat.java-1.24.0-win32-x64\jre\17.0.8.1-win32-x86_64\bin\nio.dll
0x00007ffa8fe10000 - 0x00007ffa8fe20000 	c:\Users\ayush\.vscode\extensions\redhat.java-1.24.0-win32-x64\jre\17.0.8.1-win32-x86_64\bin\verify.dll
0x00007ffa9e250000 - 0x00007ffa9e28e000 	C:\Users\ayush\AppData\Roaming\Code\User\globalStorage\redhat.java\1.24.0\config_win\org.eclipse.equinox.launcher\org.eclipse.equinox.launcher.win32.win32.x86_64_1.2.700.v20221108-1024\eclipse_11801.dll
0x00007ffaa4e60000 - 0x00007ffaa5000000 	C:\windows\System32\ole32.dll
0x00007ffaa3610000 - 0x00007ffaa362b000 	C:\windows\SYSTEM32\CRYPTSP.dll
0x00007ffaa2ec0000 - 0x00007ffaa2ef5000 	C:\windows\system32\rsaenh.dll
0x00007ffaa34a0000 - 0x00007ffaa34cc000 	C:\windows\SYSTEM32\USERENV.dll
0x00007ffaa3860000 - 0x00007ffaa3888000 	C:\windows\SYSTEM32\bcrypt.dll
0x00007ffaa3600000 - 0x00007ffaa360c000 	C:\windows\SYSTEM32\CRYPTBASE.dll
0x00007ffaa29d0000 - 0x00007ffaa29fd000 	C:\windows\SYSTEM32\IPHLPAPI.DLL
0x00007ffaa5f90000 - 0x00007ffaa5f99000 	C:\windows\System32\NSI.dll
0x00007ffa9bcc0000 - 0x00007ffa9bcd9000 	C:\windows\SYSTEM32\dhcpcsvc6.DLL
0x00007ffa9bca0000 - 0x00007ffa9bcbf000 	C:\windows\SYSTEM32\dhcpcsvc.DLL
0x00007ffaa2a40000 - 0x00007ffaa2b39000 	C:\windows\SYSTEM32\DNSAPI.dll
0x00007ffa7b000000 - 0x00007ffa7b045000 	C:\Users\ayush\AppData\Local\Temp\jna-93302354\jna11385790488011038669.dll
0x00007ffaa4980000 - 0x00007ffaa4988000 	C:\windows\System32\PSAPI.DLL

dbghelp: loaded successfully - version: 4.0.5 - missing functions: none
symbol engine: initialized successfully - sym options: 0x614 - pdb path: .;c:\Users\ayush\.vscode\extensions\redhat.java-1.24.0-win32-x64\jre\17.0.8.1-win32-x86_64\bin;C:\windows\SYSTEM32;C:\windows\WinSxS\amd64_microsoft.windows.common-controls_6595b64144ccf1df_6.0.22621.2506_none_270c5ae97388e100;c:\Users\ayush\.vscode\extensions\redhat.java-1.24.0-win32-x64\jre\17.0.8.1-win32-x86_64\bin\server;C:\Users\ayush\AppData\Roaming\Code\User\globalStorage\redhat.java\1.24.0\config_win\org.eclipse.equinox.launcher\org.eclipse.equinox.launcher.win32.win32.x86_64_1.2.700.v20221108-1024;C:\Users\ayush\AppData\Local\Temp\jna-93302354

VM Arguments:
jvm_args: --add-modules=ALL-SYSTEM --add-opens=java.base/java.util=ALL-UNNAMED --add-opens=java.base/java.lang=ALL-UNNAMED --add-opens=java.base/sun.nio.fs=ALL-UNNAMED -Declipse.application=org.eclipse.jdt.ls.core.id1 -Dosgi.bundles.defaultStartLevel=4 -Declipse.product=org.eclipse.jdt.ls.core.product -Djava.import.generatesMetadataFilesAtProjectRoot=false -DDetectVMInstallationsJob.disabled=true -Dfile.encoding=utf8 -XX:+UseParallelGC -XX:GCTimeRatio=4 -XX:AdaptiveSizePolicyWeight=90 -Dsun.zip.disableMemoryMapping=true -Xmx1G -Xms100m -Xlog:disable -javaagent:c:\Users\ayush\.vscode\extensions\redhat.java-1.24.0-win32-x64\lombok\lombok-1.18.30.jar -XX:+HeapDumpOnOutOfMemoryError -XX:HeapDumpPath=c:\Users\ayush\AppData\Roaming\Code\User\workspaceStorage\6a1344c361370b2b53d96a91067d75ee\redhat.java -Daether.dependencyCollector.impl=bf 
java_command: c:\Users\ayush\.vscode\extensions\redhat.java-1.24.0-win32-x64\server\plugins\org.eclipse.equinox.launcher_1.6.500.v20230717-2134.jar -configuration c:\Users\ayush\AppData\Roaming\Code\User\globalStorage\redhat.java\1.24.0\config_win -data c:\Users\ayush\AppData\Roaming\Code\User\workspaceStorage\6a1344c361370b2b53d96a91067d75ee\redhat.java\jdt_ws --stdio
java_class_path (initial): c:\Users\ayush\.vscode\extensions\redhat.java-1.24.0-win32-x64\server\plugins\org.eclipse.equinox.launcher_1.6.500.v20230717-2134.jar
Launcher Type: SUN_STANDARD

[Global flags]
    uintx AdaptiveSizePolicyWeight                 = 90                                        {product} {command line}
     intx CICompilerCount                          = 4                                         {product} {ergonomic}
    uintx GCTimeRatio                              = 4                                         {product} {command line}
     bool HeapDumpOnOutOfMemoryError               = true                                   {manageable} {command line}
    ccstr HeapDumpPath                             = c:\Users\ayush\AppData\Roaming\Code\User\workspaceStorage\6a1344c361370b2b53d96a91067d75ee\redhat.java         {manageable} {command line}
   size_t InitialHeapSize                          = 104857600                                 {product} {command line}
   size_t MaxHeapSize                              = 1073741824                                {product} {command line}
   size_t MaxNewSize                               = 357564416                                 {product} {ergonomic}
   size_t MinHeapDeltaBytes                        = 524288                                    {product} {ergonomic}
   size_t MinHeapSize                              = 104857600                                 {product} {command line}
   size_t NewSize                                  = 34603008                                  {product} {ergonomic}
    uintx NonNMethodCodeHeapSize                   = 5839372                                {pd product} {ergonomic}
    uintx NonProfiledCodeHeapSize                  = 122909434                              {pd product} {ergonomic}
   size_t OldSize                                  = 70254592                                  {product} {ergonomic}
    uintx ProfiledCodeHeapSize                     = 122909434                              {pd product} {ergonomic}
    uintx ReservedCodeCacheSize                    = 251658240                              {pd product} {ergonomic}
     bool SegmentedCodeCache                       = true                                      {product} {ergonomic}
   size_t SoftMaxHeapSize                          = 1073741824                             {manageable} {ergonomic}
     bool UseCompressedClassPointers               = true                           {product lp64_product} {ergonomic}
     bool UseCompressedOops                        = true                           {product lp64_product} {ergonomic}
     bool UseLargePagesIndividualAllocation        = false                                  {pd product} {ergonomic}
     bool UseParallelGC                            = true                                      {product} {command line}

Logging:
Log output configuration:
 #0: stdout all=off uptime,level,tags
 #1: stderr all=off uptime,level,tags

Environment Variables:
PATH=C:\Program Files\Common Files\Oracle\Java\javapath;C:\windows\system32;C:\windows;C:\windows\System32\Wbem;C:\windows\System32\WindowsPowerShell\v1.0\;C:\windows\System32\OpenSSH\;C:\Program Files (x86)\NVIDIA Corporation\PhysX\Common;C:\Program Files\NVIDIA Corporation\NVIDIA NvDLISR;C:\Program Files\Java\jdk-20\bin;C:\Program Files\Git\cmd;C:\Users\ayush\AppData\Roaming\npm;C:\Program Files\dotnet\;C:\Program Files\nodejs\;C:\Users\ayush\AppData\Local\Microsoft\WindowsApps;;C:\Users\ayush\AppData\Local\Programs\Microsoft VS Code\bin;C:\Users\ayush\AppData\Roaming\npm
USERNAME=ayush
OS=Windows_NT
PROCESSOR_IDENTIFIER=AMD64 Family 25 Model 80 Stepping 0, AuthenticAMD
TMP=C:\Users\ayush\AppData\Local\Temp
TEMP=C:\Users\ayush\AppData\Local\Temp



---------------  S Y S T E M  ---------------

OS:
 Windows 11 , 64 bit Build 22621 (10.0.22621.2506)
OS uptime: 12 days 23:02 hours
Hyper-V role detected

CPU: total 12 (initial active 12) (12 cores per cpu, 2 threads per core) family 25 model 80 stepping 0 microcode 0x0, cx8, cmov, fxsr, ht, mmx, 3dnowpref, sse, sse2, sse3, ssse3, sse4a, sse4.1, sse4.2, popcnt, lzcnt, tsc, tscinvbit, avx, avx2, aes, erms, clmul, bmi1, bmi2, adx, sha, fma, vzeroupper, clflush, clflushopt, hv
Processor Information for processor 0
  Max Mhz: 3301, Current Mhz: 1805, Mhz Limit: 3301
Processor Information for processor 1
  Max Mhz: 3301, Current Mhz: 1805, Mhz Limit: 3301
Processor Information for processor 2
  Max Mhz: 3301, Current Mhz: 1805, Mhz Limit: 3301
Processor Information for processor 3
  Max Mhz: 3301, Current Mhz: 1805, Mhz Limit: 3301
Processor Information for processor 4
  Max Mhz: 3301, Current Mhz: 1805, Mhz Limit: 3301
Processor Information for processor 5
  Max Mhz: 3301, Current Mhz: 1805, Mhz Limit: 3301
Processor Information for processor 6
  Max Mhz: 3301, Current Mhz: 1805, Mhz Limit: 3301
Processor Information for processor 7
  Max Mhz: 3301, Current Mhz: 1805, Mhz Limit: 3301
Processor Information for processor 8
  Max Mhz: 3301, Current Mhz: 3301, Mhz Limit: 3301
Processor Information for processor 9
  Max Mhz: 3301, Current Mhz: 3301, Mhz Limit: 3301
Processor Information for processor 10
  Max Mhz: 3301, Current Mhz: 1805, Mhz Limit: 3301
Processor Information for processor 11
  Max Mhz: 3301, Current Mhz: 3301, Mhz Limit: 3301

Memory: 4k page, system-wide physical 7521M (482M free)
TotalPageFile size 31073M (AvailPageFile size 14M)
current process WorkingSet (physical memory assigned to process): 175M, peak: 181M
current process commit charge ("private bytes"): 282M, peak: 291M

vm_info: OpenJDK 64-Bit Server VM (17.0.8.1+1) for windows-amd64 JRE (17.0.8.1+1), built on Aug 23 2023 15:29:17 by "admin" with MS VC++ 16.7 (VS2019)

END.
